*** Starting uWSGI 2.0.19.1 (64bit) on [Sun Aug 23 05:57:13 2020] ***
compiled with version: 4.8.5 20150623 (Red Hat 4.8.5-39) on 23 August 2020 05:48:47
os: Linux-4.19.76-linuxkit #1 SMP Tue May 26 11:42:35 UTC 2020
nodename: 22264462d3df
machine: x86_64
clock source: unix
pcre jit disabled
detected number of CPU cores: 4
current working directory: /root/shopServer
detected binary path: /usr/local/python36/bin/uwsgi
uWSGI running as root, you can use --uid/--gid/--chroot options
*** WARNING: you are running uWSGI as root !!! (use the --uid flag) *** 
chdir() to /root/shopServer/
*** WARNING: you are running uWSGI without its master process manager ***
your memory page size is 4096 bytes
detected max file descriptor number: 1048576
lock engine: pthread robust mutexes
thunder lock: disabled (you can enable it with --thunder-lock)
uwsgi socket 0 bound to TCP address 127.0.0.1:8999 fd 3
uWSGI running as root, you can use --uid/--gid/--chroot options
*** WARNING: you are running uWSGI as root !!! (use the --uid flag) *** 
Python version: 3.6.12 (default, Aug 23 2020, 05:48:04)  [GCC 4.8.5 20150623 (Red Hat 4.8.5-39)]
*** Python threads support is disabled. You can enable it with --enable-threads ***
Python main interpreter initialized at 0x195b080
uWSGI running as root, you can use --uid/--gid/--chroot options
*** WARNING: you are running uWSGI as root !!! (use the --uid flag) *** 
your server socket listen backlog is limited to 100 connections
your mercy for graceful operations on workers is 60 seconds
mapped 291680 bytes (284 KB) for 4 cores
*** Operational MODE: preforking ***
WSGI app 0 (mountpoint='') ready in 0 seconds on interpreter 0x195b080 pid: 4721 (default app)
uWSGI running as root, you can use --uid/--gid/--chroot options
*** WARNING: you are running uWSGI as root !!! (use the --uid flag) *** 
*** uWSGI is running in multiple interpreter mode ***
spawned uWSGI worker 1 (pid: 4721, cores: 1)
spawned uWSGI worker 2 (pid: 4723, cores: 1)
spawned uWSGI worker 3 (pid: 4724, cores: 1)
spawned uWSGI worker 4 (pid: 4725, cores: 1)
*** Starting uWSGI 2.0.19.1 (64bit) on [Sun Aug 23 06:13:36 2020] ***
compiled with version: 4.8.5 20150623 (Red Hat 4.8.5-39) on 23 August 2020 05:48:47
os: Linux-4.19.76-linuxkit #1 SMP Tue May 26 11:42:35 UTC 2020
nodename: 22264462d3df
machine: x86_64
clock source: unix
pcre jit disabled
detected number of CPU cores: 4
current working directory: /root/shopServer
detected binary path: /usr/local/python36/bin/uwsgi
uWSGI running as root, you can use --uid/--gid/--chroot options
*** WARNING: you are running uWSGI as root !!! (use the --uid flag) *** 
chdir() to /root/shopServer/
*** WARNING: you are running uWSGI without its master process manager ***
your memory page size is 4096 bytes
detected max file descriptor number: 1048576
lock engine: pthread robust mutexes
thunder lock: disabled (you can enable it with --thunder-lock)
uwsgi socket 0 bound to TCP address 127.0.0.1:8999 fd 3
uWSGI running as root, you can use --uid/--gid/--chroot options
*** WARNING: you are running uWSGI as root !!! (use the --uid flag) *** 
Python version: 3.6.12 (default, Aug 23 2020, 05:48:04)  [GCC 4.8.5 20150623 (Red Hat 4.8.5-39)]
*** Python threads support is disabled. You can enable it with --enable-threads ***
Python main interpreter initialized at 0x12e4080
uWSGI running as root, you can use --uid/--gid/--chroot options
*** WARNING: you are running uWSGI as root !!! (use the --uid flag) *** 
your server socket listen backlog is limited to 100 connections
your mercy for graceful operations on workers is 60 seconds
mapped 291680 bytes (284 KB) for 4 cores
*** Operational MODE: preforking ***
WSGI app 0 (mountpoint='') ready in 0 seconds on interpreter 0x12e4080 pid: 14740 (default app)
uWSGI running as root, you can use --uid/--gid/--chroot options
*** WARNING: you are running uWSGI as root !!! (use the --uid flag) *** 
*** uWSGI is running in multiple interpreter mode ***
spawned uWSGI worker 1 (pid: 14740, cores: 1)
spawned uWSGI worker 2 (pid: 14742, cores: 1)
spawned uWSGI worker 3 (pid: 14743, cores: 1)
spawned uWSGI worker 4 (pid: 14744, cores: 1)
[pid: 14742|app: 0|req: 1/1] 172.17.0.1 () {54 vars in 1383 bytes} [Sun Aug 23 06:18:03 2020] GET / => generated 2274 bytes in 12 msecs (HTTP/1.1 200) 5 headers in 167 bytes (1 switches on core 0)
Not Found: /manifest.json
[pid: 14744|app: 0|req: 1/2] 172.17.0.1 () {50 vars in 800 bytes} [Sun Aug 23 06:18:04 2020] GET /manifest.json => generated 2784 bytes in 13 msecs (HTTP/1.1 404) 5 headers in 159 bytes (1 switches on core 0)
*** Starting uWSGI 2.0.19.1 (64bit) on [Sun Aug 23 06:23:23 2020] ***
compiled with version: 4.8.5 20150623 (Red Hat 4.8.5-39) on 23 August 2020 05:48:47
os: Linux-4.19.76-linuxkit #1 SMP Tue May 26 11:42:35 UTC 2020
nodename: 22264462d3df
machine: x86_64
clock source: unix
pcre jit disabled
detected number of CPU cores: 4
current working directory: /root/shopServer
detected binary path: /usr/local/python36/bin/uwsgi
uWSGI running as root, you can use --uid/--gid/--chroot options
*** WARNING: you are running uWSGI as root !!! (use the --uid flag) *** 
chdir() to /root/shopServer/
*** WARNING: you are running uWSGI without its master process manager ***
your memory page size is 4096 bytes
detected max file descriptor number: 1048576
lock engine: pthread robust mutexes
thunder lock: disabled (you can enable it with --thunder-lock)
uwsgi socket 0 bound to TCP address 127.0.0.1:8999 fd 3
uWSGI running as root, you can use --uid/--gid/--chroot options
*** WARNING: you are running uWSGI as root !!! (use the --uid flag) *** 
Python version: 3.6.12 (default, Aug 23 2020, 05:48:04)  [GCC 4.8.5 20150623 (Red Hat 4.8.5-39)]
*** Python threads support is disabled. You can enable it with --enable-threads ***
Python main interpreter initialized at 0x2461090
uWSGI running as root, you can use --uid/--gid/--chroot options
*** WARNING: you are running uWSGI as root !!! (use the --uid flag) *** 
your server socket listen backlog is limited to 100 connections
your mercy for graceful operations on workers is 60 seconds
mapped 291680 bytes (284 KB) for 4 cores
*** Operational MODE: preforking ***
WSGI app 0 (mountpoint='') ready in 0 seconds on interpreter 0x2461090 pid: 20758 (default app)
uWSGI running as root, you can use --uid/--gid/--chroot options
*** WARNING: you are running uWSGI as root !!! (use the --uid flag) *** 
*** uWSGI is running in multiple interpreter mode ***
spawned uWSGI worker 1 (pid: 20758, cores: 1)
spawned uWSGI worker 2 (pid: 20769, cores: 1)
spawned uWSGI worker 3 (pid: 20770, cores: 1)
spawned uWSGI worker 4 (pid: 20771, cores: 1)
[pid: 20771|app: 0|req: 1/1] 172.17.0.1 () {56 vars in 1421 bytes} [Sun Aug 23 06:23:26 2020] GET / => generated 2274 bytes in 14 msecs (HTTP/1.1 200) 5 headers in 167 bytes (1 switches on core 0)
Not Found: /manifest.json
[pid: 20770|app: 0|req: 1/2] 172.17.0.1 () {50 vars in 800 bytes} [Sun Aug 23 06:23:26 2020] GET /manifest.json => generated 2784 bytes in 14 msecs (HTTP/1.1 404) 5 headers in 159 bytes (1 switches on core 0)
